# JRE version: OpenJDK Runtime Environment Temurin-17.0.9+9 (17.0.9+9) (build 17.0.9+9)
# Java VM: OpenJDK 64-Bit Server VM Temurin-17.0.9+9 (17.0.9+9, mixed mode, emulated-client, tiered, compressed oops, compressed class ptrs, g1 gc, windows-amd64)
GC Precious Log:
 CPUs: 12 total, 12 available
 Memory: 16231M
 Large Page Support: Disabled
 NUMA Support: Disabled
 Compressed Oops: Enabled (32-bit)
 Heap Region Size: 1M
 Heap Min Capacity: 8M
 Heap Initial Capacity: 254M
 Heap Max Capacity: 1G
 Pre-touch: Disabled
 Parallel Workers: 10
 Concurrent Workers: 3
 Concurrent Refinement Workers: 10
 Periodic GC: Disabled
Heap:
 garbage-first heap   total 99328K, used 29268K [0x00000000c0000000, 0x0000000100000000)
  region size 1024K, 1 young (1024K), 0 survivors (0K)
 Metaspace       used 53469K, committed 54144K, reserved 1114112K
  class space    used 6377K, committed 6656K, reserved 1048576K
GC Heap History (20 events):
Event: 3955.551 GC heap before
{Heap before GC invocations=387 (full 372):
 garbage-first heap   total 99328K, used 29268K [0x00000000c0000000, 0x0000000100000000)
  region size 1024K, 1 young (1024K), 0 survivors (0K)
 Metaspace       used 53469K, committed 54144K, reserved 1114112K
  class space    used 6377K, committed 6656K, reserved 1048576K
}
Event: 3955.577 GC heap after
{Heap after GC invocations=388 (full 373):
 garbage-first heap   total 99328K, used 29268K [0x00000000c0000000, 0x0000000100000000)
  region size 1024K, 0 young (0K), 0 survivors (0K)
 Metaspace       used 53469K, committed 54144K, reserved 1114112K
  class space    used 6377K, committed 6656K, reserved 1048576K
}
Event: 3965.684 GC heap before
{Heap before GC invocations=388 (full 373):
 garbage-first heap   total 99328K, used 29268K [0x00000000c0000000, 0x0000000100000000)
  region size 1024K, 1 young (1024K), 0 survivors (0K)
 Metaspace       used 53469K, committed 54144K, reserved 1114112K
  class space    used 6377K, committed 6656K, reserved 1048576K
}
Event: 3965.710 GC heap after
{Heap after GC invocations=389 (full 374):
 garbage-first heap   total 99328K, used 29268K [0x00000000c0000000, 0x0000000100000000)
  region size 1024K, 0 young (0K), 0 survivors (0K)
 Metaspace       used 53469K, committed 54144K, reserved 1114112K
  class space    used 6377K, committed 6656K, reserved 1048576K
}
Event: 3975.823 GC heap before
{Heap before GC invocations=389 (full 374):
 garbage-first heap   total 99328K, used 29268K [0x00000000c0000000, 0x0000000100000000)
  region size 1024K, 1 young (1024K), 0 survivors (0K)
 Metaspace       used 53469K, committed 54144K, reserved 1114112K
  class space    used 6377K, committed 6656K, reserved 1048576K
}
Event: 3975.848 GC heap after
{Heap after GC invocations=390 (full 375):
 garbage-first heap   total 99328K, used 29268K [0x00000000c0000000, 0x0000000100000000)
  region size 1024K, 0 young (0K), 0 survivors (0K)
 Metaspace       used 53469K, committed 54144K, reserved 1114112K
  class space    used 6377K, committed 6656K, reserved 1048576K
}
Event: 3985.964 GC heap before
{Heap before GC invocations=390 (full 375):
 garbage-first heap   total 99328K, used 29268K [0x00000000c0000000, 0x0000000100000000)
  region size 1024K, 1 young (1024K), 0 survivors (0K)
 Metaspace       used 53469K, committed 54144K, reserved 1114112K
  class space    used 6377K, committed 6656K, reserved 1048576K
}
Event: 3985.990 GC heap after
{Heap after GC invocations=391 (full 376):
 garbage-first heap   total 99328K, used 29268K [0x00000000c0000000, 0x0000000100000000)
  region size 1024K, 0 young (0K), 0 survivors (0K)
 Metaspace       used 53469K, committed 54144K, reserved 1114112K
  class space    used 6377K, committed 6656K, reserved 1048576K
}
Event: 3996.114 GC heap before
{Heap before GC invocations=391 (full 376):
 garbage-first heap   total 99328K, used 29268K [0x00000000c0000000, 0x0000000100000000)
  region size 1024K, 1 young (1024K), 0 survivors (0K)
 Metaspace       used 53469K, committed 54144K, reserved 1114112K
  class space    used 6377K, committed 6656K, reserved 1048576K
}
Event: 3996.146 GC heap after
{Heap after GC invocations=392 (full 377):
 garbage-first heap   total 99328K, used 29268K [0x00000000c0000000, 0x0000000100000000)
  region size 1024K, 0 young (0K), 0 survivors (0K)
 Metaspace       used 53469K, committed 54144K, reserved 1114112K
  class space    used 6377K, committed 6656K, reserved 1048576K
}
Event: 4006.260 GC heap before
{Heap before GC invocations=392 (full 377):
 garbage-first heap   total 99328K, used 29268K [0x00000000c0000000, 0x0000000100000000)
  region size 1024K, 1 young (1024K), 0 survivors (0K)
 Metaspace       used 53469K, committed 54144K, reserved 1114112K
  class space    used 6377K, committed 6656K, reserved 1048576K
}
Event: 4006.289 GC heap after
{Heap after GC invocations=393 (full 378):
 garbage-first heap   total 99328K, used 29268K [0x00000000c0000000, 0x0000000100000000)
  region size 1024K, 0 young (0K), 0 survivors (0K)
 Metaspace       used 53469K, committed 54144K, reserved 1114112K
  class space    used 6377K, committed 6656K, reserved 1048576K
}
Event: 4016.413 GC heap before
{Heap before GC invocations=393 (full 378):
 garbage-first heap   total 99328K, used 29268K [0x00000000c0000000, 0x0000000100000000)
  region size 1024K, 1 young (1024K), 0 survivors (0K)
 Metaspace       used 53469K, committed 54144K, reserved 1114112K
  class space    used 6377K, committed 6656K, reserved 1048576K
}
Event: 4016.446 GC heap after
{Heap after GC invocations=394 (full 379):
 garbage-first heap   total 99328K, used 29268K [0x00000000c0000000, 0x0000000100000000)
  region size 1024K, 0 young (0K), 0 survivors (0K)
 Metaspace       used 53469K, committed 54144K, reserved 1114112K
  class space    used 6377K, committed 6656K, reserved 1048576K
}
Event: 4026.563 GC heap before
{Heap before GC invocations=394 (full 379):
 garbage-first heap   total 99328K, used 29268K [0x00000000c0000000, 0x0000000100000000)
  region size 1024K, 1 young (1024K), 0 survivors (0K)
 Metaspace       used 53469K, committed 54144K, reserved 1114112K
  class space    used 6377K, committed 6656K, reserved 1048576K
}
Event: 4026.590 GC heap after
{Heap after GC invocations=395 (full 380):
 garbage-first heap   total 99328K, used 29268K [0x00000000c0000000, 0x0000000100000000)
  region size 1024K, 0 young (0K), 0 survivors (0K)
 Metaspace       used 53469K, committed 54144K, reserved 1114112K
  class space    used 6377K, committed 6656K, reserved 1048576K
}
Event: 4036.715 GC heap before
{Heap before GC invocations=395 (full 380):
 garbage-first heap   total 99328K, used 29268K [0x00000000c0000000, 0x0000000100000000)
  region size 1024K, 1 young (1024K), 0 survivors (0K)
 Metaspace       used 53469K, committed 54144K, reserved 1114112K
  class space    used 6377K, committed 6656K, reserved 1048576K
}
Event: 4036.741 GC heap after
{Heap after GC invocations=396 (full 381):
 garbage-first heap   total 99328K, used 29268K [0x00000000c0000000, 0x0000000100000000)
  region size 1024K, 0 young (0K), 0 survivors (0K)
 Metaspace       used 53469K, committed 54144K, reserved 1114112K
  class space    used 6377K, committed 6656K, reserved 1048576K
}
Event: 4046.858 GC heap before
{Heap before GC invocations=396 (full 381):
 garbage-first heap   total 99328K, used 29268K [0x00000000c0000000, 0x0000000100000000)
  region size 1024K, 1 young (1024K), 0 survivors (0K)
 Metaspace       used 53469K, committed 54144K, reserved 1114112K
  class space    used 6377K, committed 6656K, reserved 1048576K
}
Event: 4046.884 GC heap after
{Heap after GC invocations=397 (full 382):
 garbage-first heap   total 99328K, used 29268K [0x00000000c0000000, 0x0000000100000000)
  region size 1024K, 0 young (0K), 0 survivors (0K)
 Metaspace       used 53469K, committed 54144K, reserved 1114112K
  class space    used 6377K, committed 6656K, reserved 1048576K
}

