# JRE version: OpenJDK Runtime Environment Temurin-17.0.9+9 (17.0.9+9) (build 17.0.9+9)
# Java VM: OpenJDK 64-Bit Server VM Temurin-17.0.9+9 (17.0.9+9, mixed mode, emulated-client, tiered, compressed oops, compressed class ptrs, g1 gc, windows-amd64)
GC Precious Log:
 CPUs: 12 total, 12 available
 Memory: 16231M
 Large Page Support: Disabled
 NUMA Support: Disabled
 Compressed Oops: Enabled (32-bit)
 Heap Region Size: 1M
 Heap Min Capacity: 8M
 Heap Initial Capacity: 254M
 Heap Max Capacity: 1G
 Pre-touch: Disabled
 Parallel Workers: 10
 Concurrent Workers: 3
 Concurrent Refinement Workers: 10
 Periodic GC: Disabled
Heap:
 garbage-first heap   total 96256K, used 28110K [0x00000000c0000000, 0x0000000100000000)
  region size 1024K, 1 young (1024K), 0 survivors (0K)
 Metaspace       used 53259K, committed 53888K, reserved 1114112K
  class space    used 6393K, committed 6656K, reserved 1048576K
GC Heap History (20 events):
Event: 270.642 GC heap before
{Heap before GC invocations=36 (full 19):
 garbage-first heap   total 109568K, used 34206K [0x00000000c0000000, 0x0000000100000000)
  region size 1024K, 4 young (4096K), 0 survivors (0K)
 Metaspace       used 53253K, committed 53888K, reserved 1114112K
  class space    used 6392K, committed 6656K, reserved 1048576K
}
Event: 270.671 GC heap after
{Heap after GC invocations=37 (full 20):
 garbage-first heap   total 102400K, used 29744K [0x00000000c0000000, 0x0000000100000000)
  region size 1024K, 0 young (0K), 0 survivors (0K)
 Metaspace       used 53253K, committed 53888K, reserved 1114112K
  class space    used 6392K, committed 6656K, reserved 1048576K
}
Event: 280.787 GC heap before
{Heap before GC invocations=37 (full 20):
 garbage-first heap   total 102400K, used 29744K [0x00000000c0000000, 0x0000000100000000)
  region size 1024K, 1 young (1024K), 0 survivors (0K)
 Metaspace       used 53253K, committed 53888K, reserved 1114112K
  class space    used 6392K, committed 6656K, reserved 1048576K
}
Event: 280.813 GC heap after
{Heap after GC invocations=38 (full 21):
 garbage-first heap   total 102400K, used 29744K [0x00000000c0000000, 0x0000000100000000)
  region size 1024K, 0 young (0K), 0 survivors (0K)
 Metaspace       used 53253K, committed 53888K, reserved 1114112K
  class space    used 6392K, committed 6656K, reserved 1048576K
}
Event: 320.925 GC heap before
{Heap before GC invocations=38 (full 21):
 garbage-first heap   total 102400K, used 36912K [0x00000000c0000000, 0x0000000100000000)
  region size 1024K, 8 young (8192K), 0 survivors (0K)
 Metaspace       used 53255K, committed 53888K, reserved 1114112K
  class space    used 6393K, committed 6656K, reserved 1048576K
}
Event: 320.955 GC heap after
{Heap after GC invocations=39 (full 22):
 garbage-first heap   total 102400K, used 29649K [0x00000000c0000000, 0x0000000100000000)
  region size 1024K, 0 young (0K), 0 survivors (0K)
 Metaspace       used 53255K, committed 53888K, reserved 1114112K
  class space    used 6393K, committed 6656K, reserved 1048576K
}
Event: 331.062 GC heap before
{Heap before GC invocations=39 (full 22):
 garbage-first heap   total 102400K, used 29649K [0x00000000c0000000, 0x0000000100000000)
  region size 1024K, 1 young (1024K), 0 survivors (0K)
 Metaspace       used 53255K, committed 53888K, reserved 1114112K
  class space    used 6393K, committed 6656K, reserved 1048576K
}
Event: 331.087 GC heap after
{Heap after GC invocations=40 (full 23):
 garbage-first heap   total 99328K, used 29142K [0x00000000c0000000, 0x0000000100000000)
  region size 1024K, 0 young (0K), 0 survivors (0K)
 Metaspace       used 53255K, committed 53888K, reserved 1114112K
  class space    used 6393K, committed 6656K, reserved 1048576K
}
Event: 371.217 GC heap before
{Heap before GC invocations=40 (full 23):
 garbage-first heap   total 99328K, used 32214K [0x00000000c0000000, 0x0000000100000000)
  region size 1024K, 4 young (4096K), 0 survivors (0K)
 Metaspace       used 53258K, committed 53888K, reserved 1114112K
  class space    used 6393K, committed 6656K, reserved 1048576K
}
Event: 371.244 GC heap after
{Heap after GC invocations=41 (full 24):
 garbage-first heap   total 99328K, used 28242K [0x00000000c0000000, 0x0000000100000000)
  region size 1024K, 0 young (0K), 0 survivors (0K)
 Metaspace       used 53258K, committed 53888K, reserved 1114112K
  class space    used 6393K, committed 6656K, reserved 1048576K
}
Event: 381.360 GC heap before
{Heap before GC invocations=41 (full 24):
 garbage-first heap   total 99328K, used 28242K [0x00000000c0000000, 0x0000000100000000)
  region size 1024K, 1 young (1024K), 0 survivors (0K)
 Metaspace       used 53258K, committed 53888K, reserved 1114112K
  class space    used 6393K, committed 6656K, reserved 1048576K
}
Event: 381.385 GC heap after
{Heap after GC invocations=42 (full 25):
 garbage-first heap   total 99328K, used 28242K [0x00000000c0000000, 0x0000000100000000)
  region size 1024K, 0 young (0K), 0 survivors (0K)
 Metaspace       used 53258K, committed 53888K, reserved 1114112K
  class space    used 6393K, committed 6656K, reserved 1048576K
}
Event: 391.498 GC heap before
{Heap before GC invocations=42 (full 25):
 garbage-first heap   total 99328K, used 28242K [0x00000000c0000000, 0x0000000100000000)
  region size 1024K, 1 young (1024K), 0 survivors (0K)
 Metaspace       used 53258K, committed 53888K, reserved 1114112K
  class space    used 6393K, committed 6656K, reserved 1048576K
}
Event: 391.521 GC heap after
{Heap after GC invocations=43 (full 26):
 garbage-first heap   total 99328K, used 28243K [0x00000000c0000000, 0x0000000100000000)
  region size 1024K, 0 young (0K), 0 survivors (0K)
 Metaspace       used 53258K, committed 53888K, reserved 1114112K
  class space    used 6393K, committed 6656K, reserved 1048576K
}
Event: 431.649 GC heap before
{Heap before GC invocations=43 (full 26):
 garbage-first heap   total 99328K, used 33363K [0x00000000c0000000, 0x0000000100000000)
  region size 1024K, 6 young (6144K), 0 survivors (0K)
 Metaspace       used 53258K, committed 53888K, reserved 1114112K
  class space    used 6393K, committed 6656K, reserved 1048576K
}
Event: 431.676 GC heap after
{Heap after GC invocations=44 (full 27):
 garbage-first heap   total 99328K, used 28670K [0x00000000c0000000, 0x0000000100000000)
  region size 1024K, 0 young (0K), 0 survivors (0K)
 Metaspace       used 53258K, committed 53888K, reserved 1114112K
  class space    used 6393K, committed 6656K, reserved 1048576K
}
Event: 511.838 GC heap before
{Heap before GC invocations=44 (full 27):
 garbage-first heap   total 99328K, used 30718K [0x00000000c0000000, 0x0000000100000000)
  region size 1024K, 3 young (3072K), 0 survivors (0K)
 Metaspace       used 53259K, committed 53888K, reserved 1114112K
  class space    used 6393K, committed 6656K, reserved 1048576K
}
Event: 511.863 GC heap after
{Heap after GC invocations=45 (full 28):
 garbage-first heap   total 96256K, used 28117K [0x00000000c0000000, 0x0000000100000000)
  region size 1024K, 0 young (0K), 0 survivors (0K)
 Metaspace       used 53259K, committed 53888K, reserved 1114112K
  class space    used 6393K, committed 6656K, reserved 1048576K
}
Event: 521.972 GC heap before
{Heap before GC invocations=45 (full 28):
 garbage-first heap   total 96256K, used 28117K [0x00000000c0000000, 0x0000000100000000)
  region size 1024K, 1 young (1024K), 0 survivors (0K)
 Metaspace       used 53259K, committed 53888K, reserved 1114112K
  class space    used 6393K, committed 6656K, reserved 1048576K
}
Event: 521.995 GC heap after
{Heap after GC invocations=46 (full 29):
 garbage-first heap   total 96256K, used 28110K [0x00000000c0000000, 0x0000000100000000)
  region size 1024K, 0 young (0K), 0 survivors (0K)
 Metaspace       used 53259K, committed 53888K, reserved 1114112K
  class space    used 6393K, committed 6656K, reserved 1048576K
}

